
*** Running vivado
    with args -log top_mealy_moore_fsm.vds -m64 -product Vivado -mode batch -messageDb vivado.pb -notrace -source top_mealy_moore_fsm.tcl



****** Vivado v2021.2 (64-bit)
  **** SW Build 3367213 on Tue Oct 19 02:48:09 MDT 2021
  **** IP Build 3369179 on Thu Oct 21 08:25:16 MDT 2021
    ** Copyright 1986-2021 Xilinx, Inc. All Rights Reserved.

source top_mealy_moore_fsm.tcl -notrace
create_project: Time (s): cpu = 00:00:06 ; elapsed = 00:00:06 . Memory (MB): peak = 1252.590 ; gain = 7.598
Command: read_checkpoint -auto_incremental -incremental C:/repo/my-vhdl-code/mealy_moore_fsm/mealy_moore_fsm.srcs/utils_1/imports/synth_1/fsm_mealy.dcp
INFO: [Vivado 12-5825] Read reference checkpoint from C:/repo/my-vhdl-code/mealy_moore_fsm/mealy_moore_fsm.srcs/utils_1/imports/synth_1/fsm_mealy.dcp for incremental synthesis
INFO: [Vivado 12-7989] Please ensure there are no constraint changes
Command: synth_design -top top_mealy_moore_fsm -part xc7a35tcpg236-1
Starting synth_design
Attempting to get a license for feature 'Synthesis' and/or device 'xc7a35t'
INFO: [Common 17-349] Got license for feature 'Synthesis' and/or device 'xc7a35t'
INFO: [Synth 8-7079] Multithreading enabled for synth_design using a maximum of 2 processes.
INFO: [Synth 8-7078] Launching helper process for spawning children vivado processes
INFO: [Synth 8-7075] Helper process launched with PID 25452
---------------------------------------------------------------------------------
Starting Synthesize : Time (s): cpu = 00:00:05 ; elapsed = 00:00:06 . Memory (MB): peak = 1252.590 ; gain = 0.000
---------------------------------------------------------------------------------
INFO: [Synth 8-638] synthesizing module 'top_mealy_moore_fsm' [C:/repo/my-vhdl-code/mealy_moore_fsm/mealy_moore_fsm.srcs/sources_1/new/top_mealy_moore_fsm.vhd:42]
INFO: [Synth 8-638] synthesizing module 'fsm_moore' [C:/repo/my-vhdl-code/mealy_moore_fsm/mealy_moore_fsm.srcs/sources_1/new/fsm_moore.vhd:41]
INFO: [Synth 8-256] done synthesizing module 'fsm_moore' (1#1) [C:/repo/my-vhdl-code/mealy_moore_fsm/mealy_moore_fsm.srcs/sources_1/new/fsm_moore.vhd:41]
INFO: [Synth 8-638] synthesizing module 'fsm_mealy' [C:/repo/my-vhdl-code/mealy_moore_fsm/mealy_moore_fsm.srcs/sources_1/new/fsm_mealy.vhd:41]
INFO: [Synth 8-226] default block is never used [C:/repo/my-vhdl-code/mealy_moore_fsm/mealy_moore_fsm.srcs/sources_1/new/fsm_mealy.vhd:54]
INFO: [Synth 8-256] done synthesizing module 'fsm_mealy' (2#1) [C:/repo/my-vhdl-code/mealy_moore_fsm/mealy_moore_fsm.srcs/sources_1/new/fsm_mealy.vhd:41]
INFO: [Synth 8-256] done synthesizing module 'top_mealy_moore_fsm' (3#1) [C:/repo/my-vhdl-code/mealy_moore_fsm/mealy_moore_fsm.srcs/sources_1/new/top_mealy_moore_fsm.vhd:42]
---------------------------------------------------------------------------------
Finished Synthesize : Time (s): cpu = 00:00:07 ; elapsed = 00:00:07 . Memory (MB): peak = 1252.590 ; gain = 0.000
---------------------------------------------------------------------------------
---------------------------------------------------------------------------------
Finished Constraint Validation : Time (s): cpu = 00:00:07 ; elapsed = 00:00:08 . Memory (MB): peak = 1252.590 ; gain = 0.000
---------------------------------------------------------------------------------
---------------------------------------------------------------------------------
Start Loading Part and Timing Information
---------------------------------------------------------------------------------
Loading part: xc7a35tcpg236-1
---------------------------------------------------------------------------------
Finished Loading Part and Timing Information : Time (s): cpu = 00:00:07 ; elapsed = 00:00:08 . Memory (MB): peak = 1252.590 ; gain = 0.000
---------------------------------------------------------------------------------
INFO: [Device 21-403] Loading part xc7a35tcpg236-1
---------------------------------------------------------------------------------
Start Preparing Guide Design
---------------------------------------------------------------------------------
CRITICAL WARNING: [Synth 8-6895] The reference checkpoint C:/repo/my-vhdl-code/mealy_moore_fsm/mealy_moore_fsm.srcs/utils_1/imports/synth_1/fsm_mealy.dcp is not suitable for use with incremental synthesis for this design. Please regenerate the checkpoint for this design with -incremental_synth switch in the same Vivado session that synth_design has been run. Synthesis will continue with the default flow
---------------------------------------------------------------------------------
Finished Doing Graph Differ : Time (s): cpu = 00:00:07 ; elapsed = 00:00:08 . Memory (MB): peak = 1252.590 ; gain = 0.000
---------------------------------------------------------------------------------
---------------------------------------------------------------------------------
Finished Preparing Guide Design : Time (s): cpu = 00:00:07 ; elapsed = 00:00:08 . Memory (MB): peak = 1252.590 ; gain = 0.000
---------------------------------------------------------------------------------
INFO: [Synth 8-802] inferred FSM for state register 'present_state_reg' in module 'fsm_moore'
INFO: [Synth 8-802] inferred FSM for state register 'present_state_reg' in module 'fsm_mealy'
WARNING: [Synth 8-327] inferring latch for variable 'FSM_sequential_next_state_reg' [C:/repo/my-vhdl-code/mealy_moore_fsm/mealy_moore_fsm.srcs/sources_1/new/fsm_moore.vhd:50]
WARNING: [Synth 8-327] inferring latch for variable 'FSM_onehot_next_state_reg' [C:/repo/my-vhdl-code/mealy_moore_fsm/mealy_moore_fsm.srcs/sources_1/new/fsm_moore.vhd:50]
---------------------------------------------------------------------------------------------------
                   State |                     New Encoding |                Previous Encoding 
---------------------------------------------------------------------------------------------------
                      s0 |                              000 |                              000
                      s1 |                              001 |                              001
                      s2 |                              010 |                              010
                      s3 |                              011 |                              011
                      s4 |                              100 |                              100
---------------------------------------------------------------------------------------------------
INFO: [Synth 8-3354] encoded FSM with state register 'present_state_reg' using encoding 'sequential' in module 'fsm_moore'
WARNING: [Synth 8-327] inferring latch for variable 'FSM_sequential_next_state_reg' [C:/repo/my-vhdl-code/mealy_moore_fsm/mealy_moore_fsm.srcs/sources_1/new/fsm_moore.vhd:50]
---------------------------------------------------------------------------------------------------
                   State |                     New Encoding |                Previous Encoding 
---------------------------------------------------------------------------------------------------
                      s0 |                               00 |                               00
                      s1 |                               01 |                               01
                      s2 |                               10 |                               10
                      s3 |                               11 |                               11
---------------------------------------------------------------------------------------------------
INFO: [Synth 8-3354] encoded FSM with state register 'present_state_reg' using encoding 'sequential' in module 'fsm_mealy'
---------------------------------------------------------------------------------
Finished RTL Optimization Phase 2 : Time (s): cpu = 00:00:07 ; elapsed = 00:00:08 . Memory (MB): peak = 1252.590 ; gain = 0.000
---------------------------------------------------------------------------------


Incremental Synthesis Report Summary:

1. Incremental synthesis run: no

   Reason for not running incremental synthesis : 


INFO: [Synth 8-7130] Flow is switching to default flow due to incremental criteria not met. If you would like to alter this behaviour and have the flow terminate instead, please set the following parameter config_implementation {autoIncr.Synth.RejectBehavior Terminate}
No constraint files found.
---------------------------------------------------------------------------------
Start RTL Component Statistics 
---------------------------------------------------------------------------------
Detailed RTL Component Info : 
+---Registers : 
	                1 Bit    Registers := 1     
+---Muxes : 
	   5 Input    3 Bit        Muxes := 2     
	   2 Input    3 Bit        Muxes := 5     
	   4 Input    2 Bit        Muxes := 1     
	   2 Input    2 Bit        Muxes := 4     
	   2 Input    1 Bit        Muxes := 2     
	   5 Input    1 Bit        Muxes := 2     
---------------------------------------------------------------------------------
Finished RTL Component Statistics 
---------------------------------------------------------------------------------
---------------------------------------------------------------------------------
Start Part Resource Summary
---------------------------------------------------------------------------------
Part Resources:
DSPs: 90 (col length:60)
BRAMs: 100 (col length: RAMB18 60 RAMB36 30)
---------------------------------------------------------------------------------
Finished Part Resource Summary
---------------------------------------------------------------------------------
No constraint files found.
---------------------------------------------------------------------------------
Start Cross Boundary and Area Optimization
---------------------------------------------------------------------------------
WARNING: [Synth 8-7080] Parallel synthesis criteria is not met
---------------------------------------------------------------------------------
Finished Cross Boundary and Area Optimization : Time (s): cpu = 00:00:12 ; elapsed = 00:00:13 . Memory (MB): peak = 1252.590 ; gain = 0.000
---------------------------------------------------------------------------------
No constraint files found.
---------------------------------------------------------------------------------
Start Timing Optimization
---------------------------------------------------------------------------------
---------------------------------------------------------------------------------
Finished Timing Optimization : Time (s): cpu = 00:00:12 ; elapsed = 00:00:14 . Memory (MB): peak = 1252.590 ; gain = 0.000
---------------------------------------------------------------------------------
---------------------------------------------------------------------------------
Start Technology Mapping
---------------------------------------------------------------------------------
---------------------------------------------------------------------------------
Finished Technology Mapping : Time (s): cpu = 00:00:12 ; elapsed = 00:00:14 . Memory (MB): peak = 1252.590 ; gain = 0.000
---------------------------------------------------------------------------------
---------------------------------------------------------------------------------
Start IO Insertion
---------------------------------------------------------------------------------
---------------------------------------------------------------------------------
Start Flattening Before IO Insertion
---------------------------------------------------------------------------------
---------------------------------------------------------------------------------
Finished Flattening Before IO Insertion
---------------------------------------------------------------------------------
---------------------------------------------------------------------------------
Start Final Netlist Cleanup
---------------------------------------------------------------------------------
---------------------------------------------------------------------------------
Finished Final Netlist Cleanup
---------------------------------------------------------------------------------
---------------------------------------------------------------------------------
Finished IO Insertion : Time (s): cpu = 00:00:16 ; elapsed = 00:00:18 . Memory (MB): peak = 1252.590 ; gain = 0.000
---------------------------------------------------------------------------------
---------------------------------------------------------------------------------
Start Renaming Generated Instances
---------------------------------------------------------------------------------
---------------------------------------------------------------------------------
Finished Renaming Generated Instances : Time (s): cpu = 00:00:16 ; elapsed = 00:00:18 . Memory (MB): peak = 1252.590 ; gain = 0.000
---------------------------------------------------------------------------------
---------------------------------------------------------------------------------
Start Rebuilding User Hierarchy
---------------------------------------------------------------------------------
---------------------------------------------------------------------------------
Finished Rebuilding User Hierarchy : Time (s): cpu = 00:00:16 ; elapsed = 00:00:18 . Memory (MB): peak = 1252.590 ; gain = 0.000
---------------------------------------------------------------------------------
---------------------------------------------------------------------------------
Start Renaming Generated Ports
---------------------------------------------------------------------------------
---------------------------------------------------------------------------------
Finished Renaming Generated Ports : Time (s): cpu = 00:00:16 ; elapsed = 00:00:18 . Memory (MB): peak = 1252.590 ; gain = 0.000
---------------------------------------------------------------------------------
---------------------------------------------------------------------------------
Start Handling Custom Attributes
---------------------------------------------------------------------------------
---------------------------------------------------------------------------------
Finished Handling Custom Attributes : Time (s): cpu = 00:00:16 ; elapsed = 00:00:18 . Memory (MB): peak = 1252.590 ; gain = 0.000
---------------------------------------------------------------------------------
---------------------------------------------------------------------------------
Start Renaming Generated Nets
---------------------------------------------------------------------------------
---------------------------------------------------------------------------------
Finished Renaming Generated Nets : Time (s): cpu = 00:00:16 ; elapsed = 00:00:18 . Memory (MB): peak = 1252.590 ; gain = 0.000
---------------------------------------------------------------------------------
---------------------------------------------------------------------------------
Start Writing Synthesis Report
---------------------------------------------------------------------------------

Report BlackBoxes: 
+-+--------------+----------+
| |BlackBox name |Instances |
+-+--------------+----------+
+-+--------------+----------+

Report Cell Usage: 
+------+-----+------+
|      |Cell |Count |
+------+-----+------+
|1     |BUFG |     1|
|2     |LUT3 |     5|
|3     |LUT4 |     3|
|4     |FDCE |     6|
|5     |LD   |     3|
|6     |IBUF |     3|
|7     |OBUF |     2|
+------+-----+------+

Report Instance Areas: 
+------+---------+----------+------+
|      |Instance |Module    |Cells |
+------+---------+----------+------+
|1     |top      |          |    23|
|2     |  U1     |fsm_moore |    11|
|3     |  U2     |fsm_mealy |     6|
+------+---------+----------+------+
---------------------------------------------------------------------------------
Finished Writing Synthesis Report : Time (s): cpu = 00:00:16 ; elapsed = 00:00:18 . Memory (MB): peak = 1252.590 ; gain = 0.000
---------------------------------------------------------------------------------
Synthesis finished with 0 errors, 1 critical warnings and 4 warnings.
Synthesis Optimization Runtime : Time (s): cpu = 00:00:16 ; elapsed = 00:00:18 . Memory (MB): peak = 1252.590 ; gain = 0.000
Synthesis Optimization Complete : Time (s): cpu = 00:00:16 ; elapsed = 00:00:18 . Memory (MB): peak = 1252.590 ; gain = 0.000
INFO: [Project 1-571] Translating synthesized netlist
Netlist sorting complete. Time (s): cpu = 00:00:00 ; elapsed = 00:00:00 . Memory (MB): peak = 1252.590 ; gain = 0.000
INFO: [Netlist 29-17] Analyzing 3 Unisim elements for replacement
INFO: [Netlist 29-28] Unisim Transformation completed in 0 CPU seconds
INFO: [Project 1-570] Preparing netlist for logic optimization
INFO: [Opt 31-138] Pushed 0 inverter(s) to 0 load pin(s).
Netlist sorting complete. Time (s): cpu = 00:00:00 ; elapsed = 00:00:00 . Memory (MB): peak = 1252.590 ; gain = 0.000
INFO: [Project 1-111] Unisim Transformation Summary:
  A total of 3 instances were transformed.
  LD => LDCE: 3 instances

Synth Design complete, checksum: 205f0e4d
INFO: [Common 17-83] Releasing license: Synthesis
26 Infos, 4 Warnings, 1 Critical Warnings and 0 Errors encountered.
synth_design completed successfully
synth_design: Time (s): cpu = 00:00:18 ; elapsed = 00:00:20 . Memory (MB): peak = 1252.590 ; gain = 0.000
INFO: [runtcl-6] Synthesis results are not added to the cache due to CRITICAL_WARNING
INFO: [Common 17-1381] The checkpoint 'C:/repo/my-vhdl-code/mealy_moore_fsm/mealy_moore_fsm.runs/synth_1/top_mealy_moore_fsm.dcp' has been generated.
INFO: [runtcl-4] Executing : report_utilization -file top_mealy_moore_fsm_utilization_synth.rpt -pb top_mealy_moore_fsm_utilization_synth.pb
INFO: [Common 17-206] Exiting Vivado at Fri Apr  1 15:36:22 2022...
